[0.021s] Invoking command in '/ros2_robotic_arm/build/arduinobot_cpp_examples': CMAKE_PREFIX_PATH=${CMAKE_PREFIX_PATH}:/opt/ros/humble /usr/bin/cmake --build /ros2_robotic_arm/build/arduinobot_cpp_examples -- -j4 -l4
[0.051s] -- Found ament_cmake: 1.3.5 (/opt/ros/humble/share/ament_cmake/cmake)
[0.228s] -- Found rclcpp: 16.0.6 (/opt/ros/humble/share/rclcpp/cmake)
[0.326s] -- Found rosidl_generator_c: 3.1.5 (/opt/ros/humble/share/rosidl_generator_c/cmake)
[0.342s] -- Found rosidl_adapter: 3.1.5 (/opt/ros/humble/share/rosidl_adapter/cmake)
[0.361s] -- Found rosidl_generator_cpp: 3.1.5 (/opt/ros/humble/share/rosidl_generator_cpp/cmake)
[0.388s] -- Using all available rosidl_typesupport_c: rosidl_typesupport_fastrtps_c;rosidl_typesupport_introspection_c
[0.420s] -- Using all available rosidl_typesupport_cpp: rosidl_typesupport_fastrtps_cpp;rosidl_typesupport_introspection_cpp
[0.561s] -- Found rmw_implementation_cmake: 6.1.1 (/opt/ros/humble/share/rmw_implementation_cmake/cmake)
[0.567s] -- Found rmw_fastrtps_cpp: 6.2.4 (/opt/ros/humble/share/rmw_fastrtps_cpp/cmake)
[0.741s] -- Found OpenSSL: /usr/lib/x86_64-linux-gnu/libcrypto.so (found version "3.0.2")  
[0.782s] -- Found FastRTPS: /opt/ros/humble/include  
[0.856s] -- Using RMW implementation 'rmw_fastrtps_cpp' as default
[0.874s] -- Looking for pthread.h
[0.979s] -- Looking for pthread.h - found
[0.979s] -- Performing Test CMAKE_HAVE_LIBC_PTHREAD
[1.077s] -- Performing Test CMAKE_HAVE_LIBC_PTHREAD - Success
[1.078s] -- Found Threads: TRUE  
[1.314s] -- Found ament_lint_auto: 0.12.8 (/opt/ros/humble/share/ament_lint_auto/cmake)
[1.405s] -- Added test 'cppcheck' to perform static code analysis on C / C++ code
[1.406s] -- Configured cppcheck include dirs: 
[1.406s] -- Configured cppcheck exclude dirs and/or files: 
[1.406s] -- Added test 'lint_cmake' to check CMake code style
[1.407s] -- Added test 'uncrustify' to check C / C++ code style
[1.408s] -- Configured uncrustify additional arguments: 
[1.408s] -- Added test 'xmllint' to check XML markup files
[1.409s] -- Configuring done
[1.421s] -- Generating done
[1.423s] -- Build files have been written to: /ros2_robotic_arm/build/arduinobot_cpp_examples
[1.468s] [ 50%] [32mBuilding CXX object CMakeFiles/simple_publisher.dir/src/simple_publisher.cpp.o[0m
[7.602s] [100%] [32m[1mLinking CXX executable simple_publisher[0m
[7.902s] [100%] Built target simple_publisher
[7.916s] Invoked command in '/ros2_robotic_arm/build/arduinobot_cpp_examples' returned '0': CMAKE_PREFIX_PATH=${CMAKE_PREFIX_PATH}:/opt/ros/humble /usr/bin/cmake --build /ros2_robotic_arm/build/arduinobot_cpp_examples -- -j4 -l4
[7.959s] Invoking command in '/ros2_robotic_arm/build/arduinobot_cpp_examples': CMAKE_PREFIX_PATH=${CMAKE_PREFIX_PATH}:/opt/ros/humble /usr/bin/cmake --install /ros2_robotic_arm/build/arduinobot_cpp_examples
[7.971s] -- Install configuration: ""
[7.972s] -- Installing: /ros2_robotic_arm/install/arduinobot_cpp_examples/lib/arduinobot_cpp_examples/simple_publisher
[7.973s] -- Set runtime path of "/ros2_robotic_arm/install/arduinobot_cpp_examples/lib/arduinobot_cpp_examples/simple_publisher" to ""
[7.973s] -- Installing: /ros2_robotic_arm/install/arduinobot_cpp_examples/share/ament_index/resource_index/package_run_dependencies/arduinobot_cpp_examples
[7.974s] -- Installing: /ros2_robotic_arm/install/arduinobot_cpp_examples/share/ament_index/resource_index/parent_prefix_path/arduinobot_cpp_examples
[7.974s] -- Up-to-date: /ros2_robotic_arm/install/arduinobot_cpp_examples/share/arduinobot_cpp_examples/environment/ament_prefix_path.sh
[7.974s] -- Installing: /ros2_robotic_arm/install/arduinobot_cpp_examples/share/arduinobot_cpp_examples/environment/ament_prefix_path.dsv
[7.974s] -- Up-to-date: /ros2_robotic_arm/install/arduinobot_cpp_examples/share/arduinobot_cpp_examples/environment/path.sh
[7.974s] -- Installing: /ros2_robotic_arm/install/arduinobot_cpp_examples/share/arduinobot_cpp_examples/environment/path.dsv
[7.975s] -- Up-to-date: /ros2_robotic_arm/install/arduinobot_cpp_examples/share/arduinobot_cpp_examples/local_setup.bash
[7.975s] -- Up-to-date: /ros2_robotic_arm/install/arduinobot_cpp_examples/share/arduinobot_cpp_examples/local_setup.sh
[7.975s] -- Up-to-date: /ros2_robotic_arm/install/arduinobot_cpp_examples/share/arduinobot_cpp_examples/local_setup.zsh
[7.975s] -- Installing: /ros2_robotic_arm/install/arduinobot_cpp_examples/share/arduinobot_cpp_examples/local_setup.dsv
[7.975s] -- Installing: /ros2_robotic_arm/install/arduinobot_cpp_examples/share/arduinobot_cpp_examples/package.dsv
[7.975s] -- Up-to-date: /ros2_robotic_arm/install/arduinobot_cpp_examples/share/ament_index/resource_index/packages/arduinobot_cpp_examples
[7.976s] -- Up-to-date: /ros2_robotic_arm/install/arduinobot_cpp_examples/share/arduinobot_cpp_examples/cmake/arduinobot_cpp_examplesConfig.cmake
[7.976s] -- Up-to-date: /ros2_robotic_arm/install/arduinobot_cpp_examples/share/arduinobot_cpp_examples/cmake/arduinobot_cpp_examplesConfig-version.cmake
[7.976s] -- Installing: /ros2_robotic_arm/install/arduinobot_cpp_examples/share/arduinobot_cpp_examples/package.xml
[7.978s] Invoked command in '/ros2_robotic_arm/build/arduinobot_cpp_examples' returned '0': CMAKE_PREFIX_PATH=${CMAKE_PREFIX_PATH}:/opt/ros/humble /usr/bin/cmake --install /ros2_robotic_arm/build/arduinobot_cpp_examples
