[1.241s] DEBUG:colcon:Command line arguments: ['/usr/bin/colcon', 'list', '-p', '--base-paths', '/ros2_robotic_arm']
[1.241s] DEBUG:colcon:Parsed command line arguments: Namespace(log_base=None, log_level=None, verb_name='list', build_base='build', ignore_user_meta=False, metas=['./colcon.meta'], base_paths=['/ros2_robotic_arm'], packages_ignore=None, packages_ignore_regex=None, paths=None, packages_up_to=None, packages_up_to_regex=None, packages_above=None, packages_above_and_dependencies=None, packages_above_depth=None, packages_select_by_dep=None, packages_skip_by_dep=None, packages_skip_up_to=None, packages_select_build_failed=False, packages_skip_build_finished=False, packages_select_test_failures=False, packages_skip_test_passed=False, packages_select=None, packages_skip=None, packages_select_regex=None, packages_skip_regex=None, packages_start=None, packages_end=None, topological_order=False, names_only=False, paths_only=True, topological_graph=False, topological_graph_dot=False, topological_graph_density=False, topological_graph_legend=False, topological_graph_dot_cluster=False, topological_graph_dot_include_skipped=False, mixin_files=None, mixin=None, verb_parser=<colcon_mixin.mixin.mixin_argument.MixinArgumentDecorator object at 0x7f0d4364d660>, verb_extension=<colcon_package_information.verb.list.ListVerb object at 0x7f0d43610280>, main=<bound method ListVerb.main of <colcon_package_information.verb.list.ListVerb object at 0x7f0d43610280>>, mixin_verb=('list',))
[1.486s] Level 1:colcon.colcon_core.package_discovery:discover_packages(colcon_meta) check parameters
[1.486s] Level 1:colcon.colcon_core.package_discovery:discover_packages(recursive) check parameters
[1.486s] Level 1:colcon.colcon_core.package_discovery:discover_packages(ignore) check parameters
[1.486s] Level 1:colcon.colcon_core.package_discovery:discover_packages(path) check parameters
[1.486s] Level 1:colcon.colcon_core.package_discovery:discover_packages(recursive) discover
[1.486s] INFO:colcon.colcon_core.package_discovery:Crawling recursively for packages in '/ros2_robotic_arm'
[1.487s] Level 1:colcon.colcon_core.package_identification:_identify(/ros2_robotic_arm) by extensions ['ignore', 'ignore_ament_install']
[1.487s] Level 1:colcon.colcon_core.package_identification:_identify(/ros2_robotic_arm) by extension 'ignore'
[1.487s] Level 1:colcon.colcon_core.package_identification:_identify(/ros2_robotic_arm) by extension 'ignore_ament_install'
[1.487s] Level 1:colcon.colcon_core.package_identification:_identify(/ros2_robotic_arm) by extensions ['colcon_pkg']
[1.487s] Level 1:colcon.colcon_core.package_identification:_identify(/ros2_robotic_arm) by extension 'colcon_pkg'
[1.487s] Level 1:colcon.colcon_core.package_identification:_identify(/ros2_robotic_arm) by extensions ['colcon_meta']
[1.487s] Level 1:colcon.colcon_core.package_identification:_identify(/ros2_robotic_arm) by extension 'colcon_meta'
[1.487s] Level 1:colcon.colcon_core.package_identification:_identify(/ros2_robotic_arm) by extensions ['ros']
[1.488s] Level 1:colcon.colcon_core.package_identification:_identify(/ros2_robotic_arm) by extension 'ros'
[1.544s] Level 1:colcon.colcon_core.package_identification:_identify(/ros2_robotic_arm) by extensions ['cmake', 'python']
[1.544s] Level 1:colcon.colcon_core.package_identification:_identify(/ros2_robotic_arm) by extension 'cmake'
[1.544s] Level 1:colcon.colcon_core.package_identification:_identify(/ros2_robotic_arm) by extension 'python'
[1.544s] Level 1:colcon.colcon_core.package_identification:_identify(/ros2_robotic_arm) by extensions ['python_setup_py']
[1.544s] Level 1:colcon.colcon_core.package_identification:_identify(/ros2_robotic_arm) by extension 'python_setup_py'
[1.545s] Level 1:colcon.colcon_core.package_identification:_identify(/ros2_robotic_arm/build) by extensions ['ignore', 'ignore_ament_install']
[1.545s] Level 1:colcon.colcon_core.package_identification:_identify(/ros2_robotic_arm/build) by extension 'ignore'
[1.545s] Level 1:colcon.colcon_core.package_identification:_identify(/ros2_robotic_arm/build) ignored
[1.546s] Level 1:colcon.colcon_core.package_identification:_identify(/ros2_robotic_arm/install) by extensions ['ignore', 'ignore_ament_install']
[1.546s] Level 1:colcon.colcon_core.package_identification:_identify(/ros2_robotic_arm/install) by extension 'ignore'
[1.546s] Level 1:colcon.colcon_core.package_identification:_identify(/ros2_robotic_arm/install) ignored
[1.546s] Level 1:colcon.colcon_core.package_identification:_identify(/ros2_robotic_arm/log) by extensions ['ignore', 'ignore_ament_install']
[1.546s] Level 1:colcon.colcon_core.package_identification:_identify(/ros2_robotic_arm/log) by extension 'ignore'
[1.547s] Level 1:colcon.colcon_core.package_identification:_identify(/ros2_robotic_arm/log) ignored
[1.547s] Level 1:colcon.colcon_core.package_identification:_identify(/ros2_robotic_arm/src) by extensions ['ignore', 'ignore_ament_install']
[1.547s] Level 1:colcon.colcon_core.package_identification:_identify(/ros2_robotic_arm/src) by extension 'ignore'
[1.547s] Level 1:colcon.colcon_core.package_identification:_identify(/ros2_robotic_arm/src) by extension 'ignore_ament_install'
[1.547s] Level 1:colcon.colcon_core.package_identification:_identify(/ros2_robotic_arm/src) by extensions ['colcon_pkg']
[1.547s] Level 1:colcon.colcon_core.package_identification:_identify(/ros2_robotic_arm/src) by extension 'colcon_pkg'
[1.547s] Level 1:colcon.colcon_core.package_identification:_identify(/ros2_robotic_arm/src) by extensions ['colcon_meta']
[1.548s] Level 1:colcon.colcon_core.package_identification:_identify(/ros2_robotic_arm/src) by extension 'colcon_meta'
[1.548s] Level 1:colcon.colcon_core.package_identification:_identify(/ros2_robotic_arm/src) by extensions ['ros']
[1.548s] Level 1:colcon.colcon_core.package_identification:_identify(/ros2_robotic_arm/src) by extension 'ros'
[1.548s] Level 1:colcon.colcon_core.package_identification:_identify(/ros2_robotic_arm/src) by extensions ['cmake', 'python']
[1.548s] Level 1:colcon.colcon_core.package_identification:_identify(/ros2_robotic_arm/src) by extension 'cmake'
[1.548s] Level 1:colcon.colcon_core.package_identification:_identify(/ros2_robotic_arm/src) by extension 'python'
[1.548s] Level 1:colcon.colcon_core.package_identification:_identify(/ros2_robotic_arm/src) by extensions ['python_setup_py']
[1.548s] Level 1:colcon.colcon_core.package_identification:_identify(/ros2_robotic_arm/src) by extension 'python_setup_py'
[1.549s] Level 1:colcon.colcon_core.package_identification:_identify(/ros2_robotic_arm/src/arduinobot_cpp_examples) by extensions ['ignore', 'ignore_ament_install']
[1.549s] Level 1:colcon.colcon_core.package_identification:_identify(/ros2_robotic_arm/src/arduinobot_cpp_examples) by extension 'ignore'
[1.549s] Level 1:colcon.colcon_core.package_identification:_identify(/ros2_robotic_arm/src/arduinobot_cpp_examples) by extension 'ignore_ament_install'
[1.549s] Level 1:colcon.colcon_core.package_identification:_identify(/ros2_robotic_arm/src/arduinobot_cpp_examples) by extensions ['colcon_pkg']
[1.549s] Level 1:colcon.colcon_core.package_identification:_identify(/ros2_robotic_arm/src/arduinobot_cpp_examples) by extension 'colcon_pkg'
[1.549s] Level 1:colcon.colcon_core.package_identification:_identify(/ros2_robotic_arm/src/arduinobot_cpp_examples) by extensions ['colcon_meta']
[1.549s] Level 1:colcon.colcon_core.package_identification:_identify(/ros2_robotic_arm/src/arduinobot_cpp_examples) by extension 'colcon_meta'
[1.549s] Level 1:colcon.colcon_core.package_identification:_identify(/ros2_robotic_arm/src/arduinobot_cpp_examples) by extensions ['ros']
[1.549s] Level 1:colcon.colcon_core.package_identification:_identify(/ros2_robotic_arm/src/arduinobot_cpp_examples) by extension 'ros'
[1.557s] DEBUG:colcon.colcon_core.package_identification:Package '/ros2_robotic_arm/src/arduinobot_cpp_examples' with type 'ros.ament_cmake' and name 'arduinobot_cpp_examples'
[1.558s] Level 1:colcon.colcon_core.package_discovery:discover_packages(recursive) using defaults
