[0.402s] DEBUG:colcon:Command line arguments: ['/usr/bin/colcon', 'build']
[0.402s] DEBUG:colcon:Parsed command line arguments: Namespace(log_base=None, log_level=None, verb_name='build', build_base='build', install_base='install', merge_install=False, symlink_install=False, test_result_base=None, continue_on_error=False, executor='parallel', parallel_workers=4, event_handlers=None, ignore_user_meta=False, metas=['./colcon.meta'], base_paths=['.'], packages_ignore=None, packages_ignore_regex=None, paths=None, packages_up_to=None, packages_up_to_regex=None, packages_above=None, packages_above_and_dependencies=None, packages_above_depth=None, packages_select_by_dep=None, packages_skip_by_dep=None, packages_skip_up_to=None, packages_select_build_failed=False, packages_skip_build_finished=False, packages_select_test_failures=False, packages_skip_test_passed=False, packages_select=None, packages_skip=None, packages_select_regex=None, packages_skip_regex=None, packages_start=None, packages_end=None, cmake_args=None, cmake_target=None, cmake_target_skip_unavailable=False, cmake_clean_cache=False, cmake_clean_first=False, cmake_force_configure=False, ament_cmake_args=None, catkin_cmake_args=None, catkin_skip_building_tests=False, mixin_files=None, mixin=None, verb_parser=<colcon_mixin.mixin.mixin_argument.MixinArgumentDecorator object at 0x7efcac574f10>, verb_extension=<colcon_core.verb.build.BuildVerb object at 0x7efcacd5af50>, main=<bound method BuildVerb.main of <colcon_core.verb.build.BuildVerb object at 0x7efcacd5af50>>, mixin_verb=('build',))
[0.444s] Level 1:colcon.colcon_core.package_discovery:discover_packages(colcon_meta) check parameters
[0.444s] Level 1:colcon.colcon_core.package_discovery:discover_packages(recursive) check parameters
[0.444s] Level 1:colcon.colcon_core.package_discovery:discover_packages(ignore) check parameters
[0.444s] Level 1:colcon.colcon_core.package_discovery:discover_packages(path) check parameters
[0.444s] Level 1:colcon.colcon_core.package_discovery:discover_packages(colcon_meta) discover
[0.444s] Level 1:colcon.colcon_core.package_discovery:discover_packages(recursive) discover
[0.444s] INFO:colcon.colcon_core.package_discovery:Crawling recursively for packages in '/ros2_robotic_arm'
[0.444s] Level 1:colcon.colcon_core.package_identification:_identify(.) by extensions ['ignore', 'ignore_ament_install']
[0.444s] Level 1:colcon.colcon_core.package_identification:_identify(.) by extension 'ignore'
[0.444s] Level 1:colcon.colcon_core.package_identification:_identify(.) by extension 'ignore_ament_install'
[0.444s] Level 1:colcon.colcon_core.package_identification:_identify(.) by extensions ['colcon_pkg']
[0.445s] Level 1:colcon.colcon_core.package_identification:_identify(.) by extension 'colcon_pkg'
[0.445s] Level 1:colcon.colcon_core.package_identification:_identify(.) by extensions ['colcon_meta']
[0.445s] Level 1:colcon.colcon_core.package_identification:_identify(.) by extension 'colcon_meta'
[0.445s] Level 1:colcon.colcon_core.package_identification:_identify(.) by extensions ['ros']
[0.445s] Level 1:colcon.colcon_core.package_identification:_identify(.) by extension 'ros'
[0.458s] Level 1:colcon.colcon_core.package_identification:_identify(.) by extensions ['cmake', 'python']
[0.458s] Level 1:colcon.colcon_core.package_identification:_identify(.) by extension 'cmake'
[0.458s] Level 1:colcon.colcon_core.package_identification:_identify(.) by extension 'python'
[0.458s] Level 1:colcon.colcon_core.package_identification:_identify(.) by extensions ['python_setup_py']
[0.458s] Level 1:colcon.colcon_core.package_identification:_identify(.) by extension 'python_setup_py'
[0.458s] Level 1:colcon.colcon_core.package_identification:_identify(build) by extensions ['ignore', 'ignore_ament_install']
[0.459s] Level 1:colcon.colcon_core.package_identification:_identify(build) by extension 'ignore'
[0.459s] Level 1:colcon.colcon_core.package_identification:_identify(build) ignored
[0.459s] Level 1:colcon.colcon_core.package_identification:_identify(install) by extensions ['ignore', 'ignore_ament_install']
[0.459s] Level 1:colcon.colcon_core.package_identification:_identify(install) by extension 'ignore'
[0.459s] Level 1:colcon.colcon_core.package_identification:_identify(install) ignored
[0.459s] Level 1:colcon.colcon_core.package_identification:_identify(log) by extensions ['ignore', 'ignore_ament_install']
[0.459s] Level 1:colcon.colcon_core.package_identification:_identify(log) by extension 'ignore'
[0.459s] Level 1:colcon.colcon_core.package_identification:_identify(log) ignored
[0.459s] Level 1:colcon.colcon_core.package_identification:_identify(src) by extensions ['ignore', 'ignore_ament_install']
[0.459s] Level 1:colcon.colcon_core.package_identification:_identify(src) by extension 'ignore'
[0.460s] Level 1:colcon.colcon_core.package_identification:_identify(src) by extension 'ignore_ament_install'
[0.460s] Level 1:colcon.colcon_core.package_identification:_identify(src) by extensions ['colcon_pkg']
[0.460s] Level 1:colcon.colcon_core.package_identification:_identify(src) by extension 'colcon_pkg'
[0.460s] Level 1:colcon.colcon_core.package_identification:_identify(src) by extensions ['colcon_meta']
[0.460s] Level 1:colcon.colcon_core.package_identification:_identify(src) by extension 'colcon_meta'
[0.460s] Level 1:colcon.colcon_core.package_identification:_identify(src) by extensions ['ros']
[0.460s] Level 1:colcon.colcon_core.package_identification:_identify(src) by extension 'ros'
[0.460s] Level 1:colcon.colcon_core.package_identification:_identify(src) by extensions ['cmake', 'python']
[0.460s] Level 1:colcon.colcon_core.package_identification:_identify(src) by extension 'cmake'
[0.460s] Level 1:colcon.colcon_core.package_identification:_identify(src) by extension 'python'
[0.460s] Level 1:colcon.colcon_core.package_identification:_identify(src) by extensions ['python_setup_py']
[0.460s] Level 1:colcon.colcon_core.package_identification:_identify(src) by extension 'python_setup_py'
[0.460s] Level 1:colcon.colcon_core.package_identification:_identify(src/arduinobot_cpp_examples) by extensions ['ignore', 'ignore_ament_install']
[0.460s] Level 1:colcon.colcon_core.package_identification:_identify(src/arduinobot_cpp_examples) by extension 'ignore'
[0.460s] Level 1:colcon.colcon_core.package_identification:_identify(src/arduinobot_cpp_examples) by extension 'ignore_ament_install'
[0.461s] Level 1:colcon.colcon_core.package_identification:_identify(src/arduinobot_cpp_examples) by extensions ['colcon_pkg']
[0.461s] Level 1:colcon.colcon_core.package_identification:_identify(src/arduinobot_cpp_examples) by extension 'colcon_pkg'
[0.461s] Level 1:colcon.colcon_core.package_identification:_identify(src/arduinobot_cpp_examples) by extensions ['colcon_meta']
[0.461s] Level 1:colcon.colcon_core.package_identification:_identify(src/arduinobot_cpp_examples) by extension 'colcon_meta'
[0.461s] Level 1:colcon.colcon_core.package_identification:_identify(src/arduinobot_cpp_examples) by extensions ['ros']
[0.461s] Level 1:colcon.colcon_core.package_identification:_identify(src/arduinobot_cpp_examples) by extension 'ros'
[0.464s] DEBUG:colcon.colcon_core.package_identification:Package 'src/arduinobot_cpp_examples' with type 'ros.ament_cmake' and name 'arduinobot_cpp_examples'
[0.464s] Level 1:colcon.colcon_core.package_discovery:discover_packages(recursive) using defaults
[0.464s] Level 1:colcon.colcon_core.package_discovery:discover_packages(ignore) discover
[0.464s] Level 1:colcon.colcon_core.package_discovery:discover_packages(ignore) using defaults
[0.464s] Level 1:colcon.colcon_core.package_discovery:discover_packages(path) discover
[0.464s] Level 1:colcon.colcon_core.package_discovery:discover_packages(path) using defaults
[0.494s] Level 5:colcon.colcon_core.verb:set package 'arduinobot_cpp_examples' build argument 'cmake_args' from command line to 'None'
[0.494s] Level 5:colcon.colcon_core.verb:set package 'arduinobot_cpp_examples' build argument 'cmake_target' from command line to 'None'
[0.494s] Level 5:colcon.colcon_core.verb:set package 'arduinobot_cpp_examples' build argument 'cmake_target_skip_unavailable' from command line to 'False'
[0.494s] Level 5:colcon.colcon_core.verb:set package 'arduinobot_cpp_examples' build argument 'cmake_clean_cache' from command line to 'False'
[0.494s] Level 5:colcon.colcon_core.verb:set package 'arduinobot_cpp_examples' build argument 'cmake_clean_first' from command line to 'False'
[0.494s] Level 5:colcon.colcon_core.verb:set package 'arduinobot_cpp_examples' build argument 'cmake_force_configure' from command line to 'False'
[0.494s] Level 5:colcon.colcon_core.verb:set package 'arduinobot_cpp_examples' build argument 'ament_cmake_args' from command line to 'None'
[0.494s] Level 5:colcon.colcon_core.verb:set package 'arduinobot_cpp_examples' build argument 'catkin_cmake_args' from command line to 'None'
[0.494s] Level 5:colcon.colcon_core.verb:set package 'arduinobot_cpp_examples' build argument 'catkin_skip_building_tests' from command line to 'False'
[0.494s] DEBUG:colcon.colcon_core.verb:Building package 'arduinobot_cpp_examples' with the following arguments: {'ament_cmake_args': None, 'build_base': '/ros2_robotic_arm/build/arduinobot_cpp_examples', 'catkin_cmake_args': None, 'catkin_skip_building_tests': False, 'cmake_args': None, 'cmake_clean_cache': False, 'cmake_clean_first': False, 'cmake_force_configure': False, 'cmake_target': None, 'cmake_target_skip_unavailable': False, 'install_base': '/ros2_robotic_arm/install/arduinobot_cpp_examples', 'merge_install': False, 'path': '/ros2_robotic_arm/src/arduinobot_cpp_examples', 'symlink_install': False, 'test_result_base': None}
[0.495s] INFO:colcon.colcon_core.executor:Executing jobs using 'parallel' executor
[0.498s] DEBUG:colcon.colcon_parallel_executor.executor.parallel:run_until_complete
[0.499s] INFO:colcon.colcon_ros.task.ament_cmake.build:Building ROS package in '/ros2_robotic_arm/src/arduinobot_cpp_examples' with build type 'ament_cmake'
[0.499s] INFO:colcon.colcon_cmake.task.cmake.build:Building CMake package in '/ros2_robotic_arm/src/arduinobot_cpp_examples'
[0.505s] INFO:colcon.colcon_core.plugin_system:Skipping extension 'colcon_core.shell.bat': Not used on non-Windows systems
[0.506s] INFO:colcon.colcon_core.shell:Skip shell extension 'powershell' for command environment: Not usable outside of PowerShell
[0.506s] DEBUG:colcon.colcon_core.shell:Skip shell extension 'dsv' for command environment
[0.521s] DEBUG:colcon.colcon_core.event_handler.log_command:Invoking command in '/ros2_robotic_arm/build/arduinobot_cpp_examples': CMAKE_PREFIX_PATH=${CMAKE_PREFIX_PATH}:/opt/ros/humble /usr/bin/cmake --build /ros2_robotic_arm/build/arduinobot_cpp_examples -- -j4 -l4
[13.872s] DEBUG:colcon.colcon_core.event_handler.log_command:Invoked command in '/ros2_robotic_arm/build/arduinobot_cpp_examples' returned '0': CMAKE_PREFIX_PATH=${CMAKE_PREFIX_PATH}:/opt/ros/humble /usr/bin/cmake --build /ros2_robotic_arm/build/arduinobot_cpp_examples -- -j4 -l4
[13.919s] DEBUG:colcon.colcon_core.event_handler.log_command:Invoking command in '/ros2_robotic_arm/build/arduinobot_cpp_examples': CMAKE_PREFIX_PATH=${CMAKE_PREFIX_PATH}:/opt/ros/humble /usr/bin/cmake --install /ros2_robotic_arm/build/arduinobot_cpp_examples
[13.940s] Level 1:colcon.colcon_core.environment:create_environment_scripts_only(arduinobot_cpp_examples)
[13.941s] DEBUG:colcon.colcon_core.event_handler.log_command:Invoked command in '/ros2_robotic_arm/build/arduinobot_cpp_examples' returned '0': CMAKE_PREFIX_PATH=${CMAKE_PREFIX_PATH}:/opt/ros/humble /usr/bin/cmake --install /ros2_robotic_arm/build/arduinobot_cpp_examples
[13.946s] Level 1:colcon.colcon_core.environment:checking '/ros2_robotic_arm/install/arduinobot_cpp_examples' for CMake module files
[13.947s] Level 1:colcon.colcon_core.environment:checking '/ros2_robotic_arm/install/arduinobot_cpp_examples' for CMake config files
[13.947s] Level 1:colcon.colcon_core.shell:create_environment_hook('arduinobot_cpp_examples', 'cmake_prefix_path')
[13.949s] INFO:colcon.colcon_core.shell:Creating environment hook '/ros2_robotic_arm/install/arduinobot_cpp_examples/share/arduinobot_cpp_examples/hook/cmake_prefix_path.ps1'
[13.950s] INFO:colcon.colcon_core.shell:Creating environment descriptor '/ros2_robotic_arm/install/arduinobot_cpp_examples/share/arduinobot_cpp_examples/hook/cmake_prefix_path.dsv'
[13.950s] INFO:colcon.colcon_core.shell:Creating environment hook '/ros2_robotic_arm/install/arduinobot_cpp_examples/share/arduinobot_cpp_examples/hook/cmake_prefix_path.sh'
[13.951s] Level 1:colcon.colcon_core.environment:checking '/ros2_robotic_arm/install/arduinobot_cpp_examples/lib'
[13.952s] Level 1:colcon.colcon_core.environment:checking '/ros2_robotic_arm/install/arduinobot_cpp_examples/bin'
[13.952s] Level 1:colcon.colcon_core.environment:checking '/ros2_robotic_arm/install/arduinobot_cpp_examples/lib/pkgconfig/arduinobot_cpp_examples.pc'
[13.955s] Level 1:colcon.colcon_core.environment:checking '/ros2_robotic_arm/install/arduinobot_cpp_examples/lib/python3.10/site-packages'
[13.955s] Level 1:colcon.colcon_core.environment:checking '/ros2_robotic_arm/install/arduinobot_cpp_examples/bin'
[13.957s] INFO:colcon.colcon_core.shell:Creating package script '/ros2_robotic_arm/install/arduinobot_cpp_examples/share/arduinobot_cpp_examples/package.ps1'
[13.958s] INFO:colcon.colcon_core.shell:Creating package descriptor '/ros2_robotic_arm/install/arduinobot_cpp_examples/share/arduinobot_cpp_examples/package.dsv'
[13.959s] INFO:colcon.colcon_core.shell:Creating package script '/ros2_robotic_arm/install/arduinobot_cpp_examples/share/arduinobot_cpp_examples/package.sh'
[13.960s] INFO:colcon.colcon_core.shell:Creating package script '/ros2_robotic_arm/install/arduinobot_cpp_examples/share/arduinobot_cpp_examples/package.bash'
[13.962s] INFO:colcon.colcon_core.shell:Creating package script '/ros2_robotic_arm/install/arduinobot_cpp_examples/share/arduinobot_cpp_examples/package.zsh'
[13.963s] Level 1:colcon.colcon_core.environment:create_file_with_runtime_dependencies(/ros2_robotic_arm/install/arduinobot_cpp_examples/share/colcon-core/packages/arduinobot_cpp_examples)
[13.999s] Level 1:colcon.colcon_core.environment:create_environment_scripts_only(arduinobot_cpp_examples)
[14.002s] Level 1:colcon.colcon_core.environment:checking '/ros2_robotic_arm/install/arduinobot_cpp_examples' for CMake module files
[14.003s] Level 1:colcon.colcon_core.environment:checking '/ros2_robotic_arm/install/arduinobot_cpp_examples' for CMake config files
[14.003s] Level 1:colcon.colcon_core.shell:create_environment_hook('arduinobot_cpp_examples', 'cmake_prefix_path')
[14.006s] INFO:colcon.colcon_core.shell:Creating environment hook '/ros2_robotic_arm/install/arduinobot_cpp_examples/share/arduinobot_cpp_examples/hook/cmake_prefix_path.ps1'
[14.007s] INFO:colcon.colcon_core.shell:Creating environment descriptor '/ros2_robotic_arm/install/arduinobot_cpp_examples/share/arduinobot_cpp_examples/hook/cmake_prefix_path.dsv'
[14.007s] INFO:colcon.colcon_core.shell:Creating environment hook '/ros2_robotic_arm/install/arduinobot_cpp_examples/share/arduinobot_cpp_examples/hook/cmake_prefix_path.sh'
[14.008s] Level 1:colcon.colcon_core.environment:checking '/ros2_robotic_arm/install/arduinobot_cpp_examples/lib'
[14.008s] Level 1:colcon.colcon_core.environment:checking '/ros2_robotic_arm/install/arduinobot_cpp_examples/bin'
[14.008s] Level 1:colcon.colcon_core.environment:checking '/ros2_robotic_arm/install/arduinobot_cpp_examples/lib/pkgconfig/arduinobot_cpp_examples.pc'
[14.009s] Level 1:colcon.colcon_core.environment:checking '/ros2_robotic_arm/install/arduinobot_cpp_examples/lib/python3.10/site-packages'
[14.009s] Level 1:colcon.colcon_core.environment:checking '/ros2_robotic_arm/install/arduinobot_cpp_examples/bin'
[14.013s] INFO:colcon.colcon_core.shell:Creating package script '/ros2_robotic_arm/install/arduinobot_cpp_examples/share/arduinobot_cpp_examples/package.ps1'
[14.014s] INFO:colcon.colcon_core.shell:Creating package descriptor '/ros2_robotic_arm/install/arduinobot_cpp_examples/share/arduinobot_cpp_examples/package.dsv'
[14.016s] INFO:colcon.colcon_core.shell:Creating package script '/ros2_robotic_arm/install/arduinobot_cpp_examples/share/arduinobot_cpp_examples/package.sh'
[14.017s] INFO:colcon.colcon_core.shell:Creating package script '/ros2_robotic_arm/install/arduinobot_cpp_examples/share/arduinobot_cpp_examples/package.bash'
[14.018s] INFO:colcon.colcon_core.shell:Creating package script '/ros2_robotic_arm/install/arduinobot_cpp_examples/share/arduinobot_cpp_examples/package.zsh'
[14.019s] Level 1:colcon.colcon_core.environment:create_file_with_runtime_dependencies(/ros2_robotic_arm/install/arduinobot_cpp_examples/share/colcon-core/packages/arduinobot_cpp_examples)
[14.019s] DEBUG:colcon.colcon_parallel_executor.executor.parallel:closing loop
[14.020s] DEBUG:colcon.colcon_parallel_executor.executor.parallel:loop closed
[14.020s] DEBUG:colcon.colcon_parallel_executor.executor.parallel:run_until_complete finished with '0'
[14.020s] DEBUG:colcon.colcon_core.event_reactor:joining thread
[14.027s] INFO:colcon.colcon_core.plugin_system:Skipping extension 'colcon_notification.desktop_notification.notify_send': Could not find 'notify-send'
[14.028s] INFO:colcon.colcon_core.plugin_system:Skipping extension 'colcon_notification.desktop_notification.terminal_notifier': Not used on non-Darwin systems
[14.028s] INFO:colcon.colcon_core.plugin_system:Skipping extension 'colcon_notification.desktop_notification.win32': Not used on non-Windows systems
[14.028s] INFO:colcon.colcon_notification.desktop_notification:Sending desktop notification using 'notify2'
[14.031s] DEBUG:colcon.colcon_notification.desktop_notification.notify2:Failed to initialize notify2: org.freedesktop.DBus.Error.Spawn.ExecFailed: /usr/bin/dbus-launch terminated abnormally without any error message
[14.031s] DEBUG:colcon.colcon_core.event_reactor:joined thread
[14.033s] INFO:colcon.colcon_core.shell:Creating prefix script '/ros2_robotic_arm/install/local_setup.ps1'
[14.035s] INFO:colcon.colcon_core.shell:Creating prefix util module '/ros2_robotic_arm/install/_local_setup_util_ps1.py'
[14.036s] INFO:colcon.colcon_core.shell:Creating prefix chain script '/ros2_robotic_arm/install/setup.ps1'
[14.038s] INFO:colcon.colcon_core.shell:Creating prefix script '/ros2_robotic_arm/install/local_setup.sh'
[14.039s] INFO:colcon.colcon_core.shell:Creating prefix util module '/ros2_robotic_arm/install/_local_setup_util_sh.py'
[14.040s] INFO:colcon.colcon_core.shell:Creating prefix chain script '/ros2_robotic_arm/install/setup.sh'
[14.042s] INFO:colcon.colcon_core.shell:Creating prefix script '/ros2_robotic_arm/install/local_setup.bash'
[14.044s] INFO:colcon.colcon_core.shell:Creating prefix chain script '/ros2_robotic_arm/install/setup.bash'
[14.048s] INFO:colcon.colcon_core.shell:Creating prefix script '/ros2_robotic_arm/install/local_setup.zsh'
[14.050s] INFO:colcon.colcon_core.shell:Creating prefix chain script '/ros2_robotic_arm/install/setup.zsh'
