[0.387s] DEBUG:colcon:Command line arguments: ['/usr/bin/colcon', 'build']
[0.387s] DEBUG:colcon:Parsed command line arguments: Namespace(log_base=None, log_level=None, verb_name='build', build_base='build', install_base='install', merge_install=False, symlink_install=False, test_result_base=None, continue_on_error=False, executor='parallel', parallel_workers=4, event_handlers=None, ignore_user_meta=False, metas=['./colcon.meta'], base_paths=['.'], packages_ignore=None, packages_ignore_regex=None, paths=None, packages_up_to=None, packages_up_to_regex=None, packages_above=None, packages_above_and_dependencies=None, packages_above_depth=None, packages_select_by_dep=None, packages_skip_by_dep=None, packages_skip_up_to=None, packages_select_build_failed=False, packages_skip_build_finished=False, packages_select_test_failures=False, packages_skip_test_passed=False, packages_select=None, packages_skip=None, packages_select_regex=None, packages_skip_regex=None, packages_start=None, packages_end=None, cmake_args=None, cmake_target=None, cmake_target_skip_unavailable=False, cmake_clean_cache=False, cmake_clean_first=False, cmake_force_configure=False, ament_cmake_args=None, catkin_cmake_args=None, catkin_skip_building_tests=False, mixin_files=None, mixin=None, verb_parser=<colcon_mixin.mixin.mixin_argument.MixinArgumentDecorator object at 0x7f1efd634d90>, verb_extension=<colcon_core.verb.build.BuildVerb object at 0x7f1efde1aef0>, main=<bound method BuildVerb.main of <colcon_core.verb.build.BuildVerb object at 0x7f1efde1aef0>>, mixin_verb=('build',))
[0.428s] Level 1:colcon.colcon_core.package_discovery:discover_packages(colcon_meta) check parameters
[0.428s] Level 1:colcon.colcon_core.package_discovery:discover_packages(recursive) check parameters
[0.428s] Level 1:colcon.colcon_core.package_discovery:discover_packages(ignore) check parameters
[0.428s] Level 1:colcon.colcon_core.package_discovery:discover_packages(path) check parameters
[0.428s] Level 1:colcon.colcon_core.package_discovery:discover_packages(colcon_meta) discover
[0.428s] Level 1:colcon.colcon_core.package_discovery:discover_packages(recursive) discover
[0.428s] INFO:colcon.colcon_core.package_discovery:Crawling recursively for packages in '/ros2_robotic_arm'
[0.428s] Level 1:colcon.colcon_core.package_identification:_identify(.) by extensions ['ignore', 'ignore_ament_install']
[0.428s] Level 1:colcon.colcon_core.package_identification:_identify(.) by extension 'ignore'
[0.429s] Level 1:colcon.colcon_core.package_identification:_identify(.) by extension 'ignore_ament_install'
[0.429s] Level 1:colcon.colcon_core.package_identification:_identify(.) by extensions ['colcon_pkg']
[0.429s] Level 1:colcon.colcon_core.package_identification:_identify(.) by extension 'colcon_pkg'
[0.429s] Level 1:colcon.colcon_core.package_identification:_identify(.) by extensions ['colcon_meta']
[0.429s] Level 1:colcon.colcon_core.package_identification:_identify(.) by extension 'colcon_meta'
[0.429s] Level 1:colcon.colcon_core.package_identification:_identify(.) by extensions ['ros']
[0.429s] Level 1:colcon.colcon_core.package_identification:_identify(.) by extension 'ros'
[0.442s] Level 1:colcon.colcon_core.package_identification:_identify(.) by extensions ['cmake', 'python']
[0.443s] Level 1:colcon.colcon_core.package_identification:_identify(.) by extension 'cmake'
[0.443s] Level 1:colcon.colcon_core.package_identification:_identify(.) by extension 'python'
[0.443s] Level 1:colcon.colcon_core.package_identification:_identify(.) by extensions ['python_setup_py']
[0.443s] Level 1:colcon.colcon_core.package_identification:_identify(.) by extension 'python_setup_py'
[0.443s] Level 1:colcon.colcon_core.package_identification:_identify(build) by extensions ['ignore', 'ignore_ament_install']
[0.443s] Level 1:colcon.colcon_core.package_identification:_identify(build) by extension 'ignore'
[0.443s] Level 1:colcon.colcon_core.package_identification:_identify(build) ignored
[0.443s] Level 1:colcon.colcon_core.package_identification:_identify(install) by extensions ['ignore', 'ignore_ament_install']
[0.443s] Level 1:colcon.colcon_core.package_identification:_identify(install) by extension 'ignore'
[0.444s] Level 1:colcon.colcon_core.package_identification:_identify(install) ignored
[0.444s] Level 1:colcon.colcon_core.package_identification:_identify(log) by extensions ['ignore', 'ignore_ament_install']
[0.444s] Level 1:colcon.colcon_core.package_identification:_identify(log) by extension 'ignore'
[0.444s] Level 1:colcon.colcon_core.package_identification:_identify(log) ignored
[0.444s] Level 1:colcon.colcon_core.package_identification:_identify(src) by extensions ['ignore', 'ignore_ament_install']
[0.444s] Level 1:colcon.colcon_core.package_identification:_identify(src) by extension 'ignore'
[0.444s] Level 1:colcon.colcon_core.package_identification:_identify(src) by extension 'ignore_ament_install'
[0.444s] Level 1:colcon.colcon_core.package_identification:_identify(src) by extensions ['colcon_pkg']
[0.444s] Level 1:colcon.colcon_core.package_identification:_identify(src) by extension 'colcon_pkg'
[0.444s] Level 1:colcon.colcon_core.package_identification:_identify(src) by extensions ['colcon_meta']
[0.444s] Level 1:colcon.colcon_core.package_identification:_identify(src) by extension 'colcon_meta'
[0.444s] Level 1:colcon.colcon_core.package_identification:_identify(src) by extensions ['ros']
[0.444s] Level 1:colcon.colcon_core.package_identification:_identify(src) by extension 'ros'
[0.445s] Level 1:colcon.colcon_core.package_identification:_identify(src) by extensions ['cmake', 'python']
[0.445s] Level 1:colcon.colcon_core.package_identification:_identify(src) by extension 'cmake'
[0.445s] Level 1:colcon.colcon_core.package_identification:_identify(src) by extension 'python'
[0.445s] Level 1:colcon.colcon_core.package_identification:_identify(src) by extensions ['python_setup_py']
[0.445s] Level 1:colcon.colcon_core.package_identification:_identify(src) by extension 'python_setup_py'
[0.445s] Level 1:colcon.colcon_core.package_identification:_identify(src/arduinobot_cpp_examples) by extensions ['ignore', 'ignore_ament_install']
[0.445s] Level 1:colcon.colcon_core.package_identification:_identify(src/arduinobot_cpp_examples) by extension 'ignore'
[0.445s] Level 1:colcon.colcon_core.package_identification:_identify(src/arduinobot_cpp_examples) by extension 'ignore_ament_install'
[0.445s] Level 1:colcon.colcon_core.package_identification:_identify(src/arduinobot_cpp_examples) by extensions ['colcon_pkg']
[0.445s] Level 1:colcon.colcon_core.package_identification:_identify(src/arduinobot_cpp_examples) by extension 'colcon_pkg'
[0.445s] Level 1:colcon.colcon_core.package_identification:_identify(src/arduinobot_cpp_examples) by extensions ['colcon_meta']
[0.445s] Level 1:colcon.colcon_core.package_identification:_identify(src/arduinobot_cpp_examples) by extension 'colcon_meta'
[0.445s] Level 1:colcon.colcon_core.package_identification:_identify(src/arduinobot_cpp_examples) by extensions ['ros']
[0.445s] Level 1:colcon.colcon_core.package_identification:_identify(src/arduinobot_cpp_examples) by extension 'ros'
[0.449s] DEBUG:colcon.colcon_core.package_identification:Package 'src/arduinobot_cpp_examples' with type 'ros.ament_cmake' and name 'arduinobot_cpp_examples'
[0.449s] Level 1:colcon.colcon_core.package_discovery:discover_packages(recursive) using defaults
[0.449s] Level 1:colcon.colcon_core.package_discovery:discover_packages(ignore) discover
[0.449s] Level 1:colcon.colcon_core.package_discovery:discover_packages(ignore) using defaults
[0.449s] Level 1:colcon.colcon_core.package_discovery:discover_packages(path) discover
[0.449s] Level 1:colcon.colcon_core.package_discovery:discover_packages(path) using defaults
[0.478s] Level 5:colcon.colcon_core.verb:set package 'arduinobot_cpp_examples' build argument 'cmake_args' from command line to 'None'
[0.478s] Level 5:colcon.colcon_core.verb:set package 'arduinobot_cpp_examples' build argument 'cmake_target' from command line to 'None'
[0.478s] Level 5:colcon.colcon_core.verb:set package 'arduinobot_cpp_examples' build argument 'cmake_target_skip_unavailable' from command line to 'False'
[0.478s] Level 5:colcon.colcon_core.verb:set package 'arduinobot_cpp_examples' build argument 'cmake_clean_cache' from command line to 'False'
[0.478s] Level 5:colcon.colcon_core.verb:set package 'arduinobot_cpp_examples' build argument 'cmake_clean_first' from command line to 'False'
[0.479s] Level 5:colcon.colcon_core.verb:set package 'arduinobot_cpp_examples' build argument 'cmake_force_configure' from command line to 'False'
[0.479s] Level 5:colcon.colcon_core.verb:set package 'arduinobot_cpp_examples' build argument 'ament_cmake_args' from command line to 'None'
[0.479s] Level 5:colcon.colcon_core.verb:set package 'arduinobot_cpp_examples' build argument 'catkin_cmake_args' from command line to 'None'
[0.479s] Level 5:colcon.colcon_core.verb:set package 'arduinobot_cpp_examples' build argument 'catkin_skip_building_tests' from command line to 'False'
[0.479s] DEBUG:colcon.colcon_core.verb:Building package 'arduinobot_cpp_examples' with the following arguments: {'ament_cmake_args': None, 'build_base': '/ros2_robotic_arm/build/arduinobot_cpp_examples', 'catkin_cmake_args': None, 'catkin_skip_building_tests': False, 'cmake_args': None, 'cmake_clean_cache': False, 'cmake_clean_first': False, 'cmake_force_configure': False, 'cmake_target': None, 'cmake_target_skip_unavailable': False, 'install_base': '/ros2_robotic_arm/install/arduinobot_cpp_examples', 'merge_install': False, 'path': '/ros2_robotic_arm/src/arduinobot_cpp_examples', 'symlink_install': False, 'test_result_base': None}
[0.479s] INFO:colcon.colcon_core.executor:Executing jobs using 'parallel' executor
[0.483s] DEBUG:colcon.colcon_parallel_executor.executor.parallel:run_until_complete
[0.483s] INFO:colcon.colcon_ros.task.ament_cmake.build:Building ROS package in '/ros2_robotic_arm/src/arduinobot_cpp_examples' with build type 'ament_cmake'
[0.484s] INFO:colcon.colcon_cmake.task.cmake.build:Building CMake package in '/ros2_robotic_arm/src/arduinobot_cpp_examples'
[0.490s] INFO:colcon.colcon_core.plugin_system:Skipping extension 'colcon_core.shell.bat': Not used on non-Windows systems
[0.490s] INFO:colcon.colcon_core.shell:Skip shell extension 'powershell' for command environment: Not usable outside of PowerShell
[0.490s] DEBUG:colcon.colcon_core.shell:Skip shell extension 'dsv' for command environment
[0.506s] DEBUG:colcon.colcon_core.event_handler.log_command:Invoking command in '/ros2_robotic_arm/build/arduinobot_cpp_examples': CMAKE_PREFIX_PATH=${CMAKE_PREFIX_PATH}:/opt/ros/humble /usr/bin/cmake --build /ros2_robotic_arm/build/arduinobot_cpp_examples -- -j4 -l4
[8.401s] DEBUG:colcon.colcon_core.event_handler.log_command:Invoked command in '/ros2_robotic_arm/build/arduinobot_cpp_examples' returned '0': CMAKE_PREFIX_PATH=${CMAKE_PREFIX_PATH}:/opt/ros/humble /usr/bin/cmake --build /ros2_robotic_arm/build/arduinobot_cpp_examples -- -j4 -l4
[8.444s] DEBUG:colcon.colcon_core.event_handler.log_command:Invoking command in '/ros2_robotic_arm/build/arduinobot_cpp_examples': CMAKE_PREFIX_PATH=${CMAKE_PREFIX_PATH}:/opt/ros/humble /usr/bin/cmake --install /ros2_robotic_arm/build/arduinobot_cpp_examples
[8.461s] Level 1:colcon.colcon_core.environment:create_environment_scripts_only(arduinobot_cpp_examples)
[8.462s] DEBUG:colcon.colcon_core.event_handler.log_command:Invoked command in '/ros2_robotic_arm/build/arduinobot_cpp_examples' returned '0': CMAKE_PREFIX_PATH=${CMAKE_PREFIX_PATH}:/opt/ros/humble /usr/bin/cmake --install /ros2_robotic_arm/build/arduinobot_cpp_examples
[8.468s] Level 1:colcon.colcon_core.environment:checking '/ros2_robotic_arm/install/arduinobot_cpp_examples' for CMake module files
[8.469s] Level 1:colcon.colcon_core.environment:checking '/ros2_robotic_arm/install/arduinobot_cpp_examples' for CMake config files
[8.469s] Level 1:colcon.colcon_core.shell:create_environment_hook('arduinobot_cpp_examples', 'cmake_prefix_path')
[8.470s] INFO:colcon.colcon_core.shell:Creating environment hook '/ros2_robotic_arm/install/arduinobot_cpp_examples/share/arduinobot_cpp_examples/hook/cmake_prefix_path.ps1'
[8.471s] INFO:colcon.colcon_core.shell:Creating environment descriptor '/ros2_robotic_arm/install/arduinobot_cpp_examples/share/arduinobot_cpp_examples/hook/cmake_prefix_path.dsv'
[8.472s] INFO:colcon.colcon_core.shell:Creating environment hook '/ros2_robotic_arm/install/arduinobot_cpp_examples/share/arduinobot_cpp_examples/hook/cmake_prefix_path.sh'
[8.473s] Level 1:colcon.colcon_core.environment:checking '/ros2_robotic_arm/install/arduinobot_cpp_examples/lib'
[8.473s] Level 1:colcon.colcon_core.environment:checking '/ros2_robotic_arm/install/arduinobot_cpp_examples/bin'
[8.473s] Level 1:colcon.colcon_core.environment:checking '/ros2_robotic_arm/install/arduinobot_cpp_examples/lib/pkgconfig/arduinobot_cpp_examples.pc'
[8.475s] Level 1:colcon.colcon_core.environment:checking '/ros2_robotic_arm/install/arduinobot_cpp_examples/lib/python3.10/site-packages'
[8.476s] Level 1:colcon.colcon_core.environment:checking '/ros2_robotic_arm/install/arduinobot_cpp_examples/bin'
[8.477s] INFO:colcon.colcon_core.shell:Creating package script '/ros2_robotic_arm/install/arduinobot_cpp_examples/share/arduinobot_cpp_examples/package.ps1'
[8.478s] INFO:colcon.colcon_core.shell:Creating package descriptor '/ros2_robotic_arm/install/arduinobot_cpp_examples/share/arduinobot_cpp_examples/package.dsv'
[8.479s] INFO:colcon.colcon_core.shell:Creating package script '/ros2_robotic_arm/install/arduinobot_cpp_examples/share/arduinobot_cpp_examples/package.sh'
[8.480s] INFO:colcon.colcon_core.shell:Creating package script '/ros2_robotic_arm/install/arduinobot_cpp_examples/share/arduinobot_cpp_examples/package.bash'
[8.481s] INFO:colcon.colcon_core.shell:Creating package script '/ros2_robotic_arm/install/arduinobot_cpp_examples/share/arduinobot_cpp_examples/package.zsh'
[8.481s] Level 1:colcon.colcon_core.environment:create_file_with_runtime_dependencies(/ros2_robotic_arm/install/arduinobot_cpp_examples/share/colcon-core/packages/arduinobot_cpp_examples)
[8.510s] Level 1:colcon.colcon_core.environment:create_environment_scripts_only(arduinobot_cpp_examples)
[8.512s] Level 1:colcon.colcon_core.environment:checking '/ros2_robotic_arm/install/arduinobot_cpp_examples' for CMake module files
[8.513s] Level 1:colcon.colcon_core.environment:checking '/ros2_robotic_arm/install/arduinobot_cpp_examples' for CMake config files
[8.513s] Level 1:colcon.colcon_core.shell:create_environment_hook('arduinobot_cpp_examples', 'cmake_prefix_path')
[8.515s] INFO:colcon.colcon_core.shell:Creating environment hook '/ros2_robotic_arm/install/arduinobot_cpp_examples/share/arduinobot_cpp_examples/hook/cmake_prefix_path.ps1'
[8.515s] INFO:colcon.colcon_core.shell:Creating environment descriptor '/ros2_robotic_arm/install/arduinobot_cpp_examples/share/arduinobot_cpp_examples/hook/cmake_prefix_path.dsv'
[8.516s] INFO:colcon.colcon_core.shell:Creating environment hook '/ros2_robotic_arm/install/arduinobot_cpp_examples/share/arduinobot_cpp_examples/hook/cmake_prefix_path.sh'
[8.516s] Level 1:colcon.colcon_core.environment:checking '/ros2_robotic_arm/install/arduinobot_cpp_examples/lib'
[8.517s] Level 1:colcon.colcon_core.environment:checking '/ros2_robotic_arm/install/arduinobot_cpp_examples/bin'
[8.517s] Level 1:colcon.colcon_core.environment:checking '/ros2_robotic_arm/install/arduinobot_cpp_examples/lib/pkgconfig/arduinobot_cpp_examples.pc'
[8.517s] Level 1:colcon.colcon_core.environment:checking '/ros2_robotic_arm/install/arduinobot_cpp_examples/lib/python3.10/site-packages'
[8.517s] Level 1:colcon.colcon_core.environment:checking '/ros2_robotic_arm/install/arduinobot_cpp_examples/bin'
[8.519s] INFO:colcon.colcon_core.shell:Creating package script '/ros2_robotic_arm/install/arduinobot_cpp_examples/share/arduinobot_cpp_examples/package.ps1'
[8.519s] INFO:colcon.colcon_core.shell:Creating package descriptor '/ros2_robotic_arm/install/arduinobot_cpp_examples/share/arduinobot_cpp_examples/package.dsv'
[8.520s] INFO:colcon.colcon_core.shell:Creating package script '/ros2_robotic_arm/install/arduinobot_cpp_examples/share/arduinobot_cpp_examples/package.sh'
[8.520s] INFO:colcon.colcon_core.shell:Creating package script '/ros2_robotic_arm/install/arduinobot_cpp_examples/share/arduinobot_cpp_examples/package.bash'
[8.521s] INFO:colcon.colcon_core.shell:Creating package script '/ros2_robotic_arm/install/arduinobot_cpp_examples/share/arduinobot_cpp_examples/package.zsh'
[8.521s] Level 1:colcon.colcon_core.environment:create_file_with_runtime_dependencies(/ros2_robotic_arm/install/arduinobot_cpp_examples/share/colcon-core/packages/arduinobot_cpp_examples)
[8.522s] DEBUG:colcon.colcon_parallel_executor.executor.parallel:closing loop
[8.522s] DEBUG:colcon.colcon_parallel_executor.executor.parallel:loop closed
[8.522s] DEBUG:colcon.colcon_parallel_executor.executor.parallel:run_until_complete finished with '0'
[8.522s] DEBUG:colcon.colcon_core.event_reactor:joining thread
[8.530s] INFO:colcon.colcon_core.plugin_system:Skipping extension 'colcon_notification.desktop_notification.notify_send': Could not find 'notify-send'
[8.530s] INFO:colcon.colcon_core.plugin_system:Skipping extension 'colcon_notification.desktop_notification.terminal_notifier': Not used on non-Darwin systems
[8.530s] INFO:colcon.colcon_core.plugin_system:Skipping extension 'colcon_notification.desktop_notification.win32': Not used on non-Windows systems
[8.530s] INFO:colcon.colcon_notification.desktop_notification:Sending desktop notification using 'notify2'
[8.534s] DEBUG:colcon.colcon_notification.desktop_notification.notify2:Failed to initialize notify2: org.freedesktop.DBus.Error.Spawn.ExecFailed: /usr/bin/dbus-launch terminated abnormally without any error message
[8.534s] DEBUG:colcon.colcon_core.event_reactor:joined thread
[8.537s] INFO:colcon.colcon_core.shell:Creating prefix script '/ros2_robotic_arm/install/local_setup.ps1'
[8.538s] INFO:colcon.colcon_core.shell:Creating prefix util module '/ros2_robotic_arm/install/_local_setup_util_ps1.py'
[8.540s] INFO:colcon.colcon_core.shell:Creating prefix chain script '/ros2_robotic_arm/install/setup.ps1'
[8.541s] INFO:colcon.colcon_core.shell:Creating prefix script '/ros2_robotic_arm/install/local_setup.sh'
[8.542s] INFO:colcon.colcon_core.shell:Creating prefix util module '/ros2_robotic_arm/install/_local_setup_util_sh.py'
[8.543s] INFO:colcon.colcon_core.shell:Creating prefix chain script '/ros2_robotic_arm/install/setup.sh'
[8.544s] INFO:colcon.colcon_core.shell:Creating prefix script '/ros2_robotic_arm/install/local_setup.bash'
[8.545s] INFO:colcon.colcon_core.shell:Creating prefix chain script '/ros2_robotic_arm/install/setup.bash'
[8.546s] INFO:colcon.colcon_core.shell:Creating prefix script '/ros2_robotic_arm/install/local_setup.zsh'
[8.547s] INFO:colcon.colcon_core.shell:Creating prefix chain script '/ros2_robotic_arm/install/setup.zsh'
