[0.181s] Invoking command in '/ros2_robotic_arm/build/arduinobot_cpp_examples': CMAKE_PREFIX_PATH=/opt/ros/humble /usr/bin/cmake /ros2_robotic_arm/src/arduinobot_cpp_examples -DCMAKE_INSTALL_PREFIX=/ros2_robotic_arm/install/arduinobot_cpp_examples
[0.301s] -- The C compiler identification is GNU 11.4.0
[0.482s] -- The CXX compiler identification is GNU 11.4.0
[0.496s] -- Detecting C compiler ABI info
[0.591s] -- Detecting C compiler ABI info - done
[0.600s] -- Check for working C compiler: /usr/bin/cc - skipped
[0.601s] -- Detecting C compile features
[0.601s] -- Detecting C compile features - done
[0.606s] -- Detecting CXX compiler ABI info
[0.706s] -- Detecting CXX compiler ABI info - done
[0.715s] -- Check for working CXX compiler: /usr/bin/c++ - skipped
[0.716s] -- Detecting CXX compile features
[0.717s] -- Detecting CXX compile features - done
[0.724s] -- Found ament_cmake: 1.3.5 (/opt/ros/humble/share/ament_cmake/cmake)
[0.965s] -- Found Python3: /usr/bin/python3.10 (found version "3.10.12") found components: Interpreter 
[1.117s] -- Found ament_lint_auto: 0.12.8 (/opt/ros/humble/share/ament_lint_auto/cmake)
[1.229s] -- Added test 'lint_cmake' to check CMake code style
[1.232s] -- Added test 'xmllint' to check XML markup files
[1.235s] -- Configuring done
[1.239s] -- Generating done
[1.240s] -- Build files have been written to: /ros2_robotic_arm/build/arduinobot_cpp_examples
[1.248s] Invoked command in '/ros2_robotic_arm/build/arduinobot_cpp_examples' returned '0': CMAKE_PREFIX_PATH=/opt/ros/humble /usr/bin/cmake /ros2_robotic_arm/src/arduinobot_cpp_examples -DCMAKE_INSTALL_PREFIX=/ros2_robotic_arm/install/arduinobot_cpp_examples
[1.251s] Invoking command in '/ros2_robotic_arm/build/arduinobot_cpp_examples': CMAKE_PREFIX_PATH=/opt/ros/humble /usr/bin/cmake --build /ros2_robotic_arm/build/arduinobot_cpp_examples -- -j4 -l4
[1.297s] Invoked command in '/ros2_robotic_arm/build/arduinobot_cpp_examples' returned '0': CMAKE_PREFIX_PATH=/opt/ros/humble /usr/bin/cmake --build /ros2_robotic_arm/build/arduinobot_cpp_examples -- -j4 -l4
[1.335s] Invoking command in '/ros2_robotic_arm/build/arduinobot_cpp_examples': CMAKE_PREFIX_PATH=/opt/ros/humble /usr/bin/cmake --install /ros2_robotic_arm/build/arduinobot_cpp_examples
[1.345s] -- Install configuration: ""
[1.345s] -- Installing: /ros2_robotic_arm/install/arduinobot_cpp_examples/share/ament_index/resource_index/package_run_dependencies/arduinobot_cpp_examples
[1.345s] -- Installing: /ros2_robotic_arm/install/arduinobot_cpp_examples/share/ament_index/resource_index/parent_prefix_path/arduinobot_cpp_examples
[1.345s] -- Installing: /ros2_robotic_arm/install/arduinobot_cpp_examples/share/arduinobot_cpp_examples/environment/ament_prefix_path.sh
[1.346s] -- Installing: /ros2_robotic_arm/install/arduinobot_cpp_examples/share/arduinobot_cpp_examples/environment/ament_prefix_path.dsv
[1.346s] -- Installing: /ros2_robotic_arm/install/arduinobot_cpp_examples/share/arduinobot_cpp_examples/environment/path.sh
[1.346s] -- Installing: /ros2_robotic_arm/install/arduinobot_cpp_examples/share/arduinobot_cpp_examples/environment/path.dsv
[1.346s] -- Installing: /ros2_robotic_arm/install/arduinobot_cpp_examples/share/arduinobot_cpp_examples/local_setup.bash
[1.347s] -- Installing: /ros2_robotic_arm/install/arduinobot_cpp_examples/share/arduinobot_cpp_examples/local_setup.sh
[1.347s] -- Installing: /ros2_robotic_arm/install/arduinobot_cpp_examples/share/arduinobot_cpp_examples/local_setup.zsh
[1.347s] -- Installing: /ros2_robotic_arm/install/arduinobot_cpp_examples/share/arduinobot_cpp_examples/local_setup.dsv
[1.347s] -- Installing: /ros2_robotic_arm/install/arduinobot_cpp_examples/share/arduinobot_cpp_examples/package.dsv
[1.347s] -- Installing: /ros2_robotic_arm/install/arduinobot_cpp_examples/share/ament_index/resource_index/packages/arduinobot_cpp_examples
[1.348s] -- Installing: /ros2_robotic_arm/install/arduinobot_cpp_examples/share/arduinobot_cpp_examples/cmake/arduinobot_cpp_examplesConfig.cmake
[1.348s] -- Installing: /ros2_robotic_arm/install/arduinobot_cpp_examples/share/arduinobot_cpp_examples/cmake/arduinobot_cpp_examplesConfig-version.cmake
[1.348s] -- Installing: /ros2_robotic_arm/install/arduinobot_cpp_examples/share/arduinobot_cpp_examples/package.xml
[1.351s] Invoked command in '/ros2_robotic_arm/build/arduinobot_cpp_examples' returned '0': CMAKE_PREFIX_PATH=/opt/ros/humble /usr/bin/cmake --install /ros2_robotic_arm/build/arduinobot_cpp_examples
