-- Found ament_cmake: 1.3.5 (/opt/ros/humble/share/ament_cmake/cmake)
-- Found rclcpp: 16.0.6 (/opt/ros/humble/share/rclcpp/cmake)
-- Found rosidl_generator_c: 3.1.5 (/opt/ros/humble/share/rosidl_generator_c/cmake)
-- Found rosidl_adapter: 3.1.5 (/opt/ros/humble/share/rosidl_adapter/cmake)
-- Found rosidl_generator_cpp: 3.1.5 (/opt/ros/humble/share/rosidl_generator_cpp/cmake)
-- Using all available rosidl_typesupport_c: rosidl_typesupport_fastrtps_c;rosidl_typesupport_introspection_c
-- Using all available rosidl_typesupport_cpp: rosidl_typesupport_fastrtps_cpp;rosidl_typesupport_introspection_cpp
-- Found rmw_implementation_cmake: 6.1.1 (/opt/ros/humble/share/rmw_implementation_cmake/cmake)
-- Found rmw_fastrtps_cpp: 6.2.4 (/opt/ros/humble/share/rmw_fastrtps_cpp/cmake)
-- Using RMW implementation 'rmw_fastrtps_cpp' as default
-- Found ament_lint_auto: 0.12.8 (/opt/ros/humble/share/ament_lint_auto/cmake)
-- Added test 'cppcheck' to perform static code analysis on C / C++ code
-- Configured cppcheck include dirs: 
-- Configured cppcheck exclude dirs and/or files: 
-- Added test 'lint_cmake' to check CMake code style
-- Added test 'uncrustify' to check C / C++ code style
-- Configured uncrustify additional arguments: 
-- Added test 'xmllint' to check XML markup files
-- Configuring done
-- Generating done
-- Build files have been written to: /ros2_robotic_arm/build/arduinobot_cpp_examples
[35m[1mConsolidate compiler generated dependencies of target simple_publisher[0m
[ 25%] [32mBuilding CXX object CMakeFiles/simple_subscriber.dir/src/simple_subscriber.cpp.o[0m
[ 75%] Built target simple_publisher
[100%] [32m[1mLinking CXX executable simple_subscriber[0m
[100%] Built target simple_subscriber
-- Install configuration: ""
-- Up-to-date: /ros2_robotic_arm/install/arduinobot_cpp_examples/lib/arduinobot_cpp_examples/simple_publisher
-- Installing: /ros2_robotic_arm/install/arduinobot_cpp_examples/lib/arduinobot_cpp_examples/simple_subscriber
-- Set runtime path of "/ros2_robotic_arm/install/arduinobot_cpp_examples/lib/arduinobot_cpp_examples/simple_subscriber" to ""
-- Up-to-date: /ros2_robotic_arm/install/arduinobot_cpp_examples/share/ament_index/resource_index/package_run_dependencies/arduinobot_cpp_examples
-- Up-to-date: /ros2_robotic_arm/install/arduinobot_cpp_examples/share/ament_index/resource_index/parent_prefix_path/arduinobot_cpp_examples
-- Up-to-date: /ros2_robotic_arm/install/arduinobot_cpp_examples/share/arduinobot_cpp_examples/environment/ament_prefix_path.sh
-- Installing: /ros2_robotic_arm/install/arduinobot_cpp_examples/share/arduinobot_cpp_examples/environment/ament_prefix_path.dsv
-- Up-to-date: /ros2_robotic_arm/install/arduinobot_cpp_examples/share/arduinobot_cpp_examples/environment/path.sh
-- Installing: /ros2_robotic_arm/install/arduinobot_cpp_examples/share/arduinobot_cpp_examples/environment/path.dsv
-- Up-to-date: /ros2_robotic_arm/install/arduinobot_cpp_examples/share/arduinobot_cpp_examples/local_setup.bash
-- Up-to-date: /ros2_robotic_arm/install/arduinobot_cpp_examples/share/arduinobot_cpp_examples/local_setup.sh
-- Up-to-date: /ros2_robotic_arm/install/arduinobot_cpp_examples/share/arduinobot_cpp_examples/local_setup.zsh
-- Installing: /ros2_robotic_arm/install/arduinobot_cpp_examples/share/arduinobot_cpp_examples/local_setup.dsv
-- Installing: /ros2_robotic_arm/install/arduinobot_cpp_examples/share/arduinobot_cpp_examples/package.dsv
-- Up-to-date: /ros2_robotic_arm/install/arduinobot_cpp_examples/share/ament_index/resource_index/packages/arduinobot_cpp_examples
-- Up-to-date: /ros2_robotic_arm/install/arduinobot_cpp_examples/share/arduinobot_cpp_examples/cmake/arduinobot_cpp_examplesConfig.cmake
-- Up-to-date: /ros2_robotic_arm/install/arduinobot_cpp_examples/share/arduinobot_cpp_examples/cmake/arduinobot_cpp_examplesConfig-version.cmake
-- Up-to-date: /ros2_robotic_arm/install/arduinobot_cpp_examples/share/arduinobot_cpp_examples/package.xml
