[0.021s] Invoking command in '/ros2_robotic_arm/build/arduinobot_cpp_examples': CMAKE_PREFIX_PATH=${CMAKE_PREFIX_PATH}:/opt/ros/humble /usr/bin/cmake --build /ros2_robotic_arm/build/arduinobot_cpp_examples -- -j4 -l4
[0.056s] -- Found ament_cmake: 1.3.5 (/opt/ros/humble/share/ament_cmake/cmake)
[0.235s] -- Found rclcpp: 16.0.6 (/opt/ros/humble/share/rclcpp/cmake)
[0.286s] -- Found rosidl_generator_c: 3.1.5 (/opt/ros/humble/share/rosidl_generator_c/cmake)
[0.290s] -- Found rosidl_adapter: 3.1.5 (/opt/ros/humble/share/rosidl_adapter/cmake)
[0.300s] -- Found rosidl_generator_cpp: 3.1.5 (/opt/ros/humble/share/rosidl_generator_cpp/cmake)
[0.318s] -- Using all available rosidl_typesupport_c: rosidl_typesupport_fastrtps_c;rosidl_typesupport_introspection_c
[0.344s] -- Using all available rosidl_typesupport_cpp: rosidl_typesupport_fastrtps_cpp;rosidl_typesupport_introspection_cpp
[0.441s] -- Found rmw_implementation_cmake: 6.1.1 (/opt/ros/humble/share/rmw_implementation_cmake/cmake)
[0.443s] -- Found rmw_fastrtps_cpp: 6.2.4 (/opt/ros/humble/share/rmw_fastrtps_cpp/cmake)
[0.677s] -- Using RMW implementation 'rmw_fastrtps_cpp' as default
[0.897s] -- Found ament_lint_auto: 0.12.8 (/opt/ros/humble/share/ament_lint_auto/cmake)
[0.993s] -- Added test 'cppcheck' to perform static code analysis on C / C++ code
[0.993s] -- Configured cppcheck include dirs: 
[0.993s] -- Configured cppcheck exclude dirs and/or files: 
[0.994s] -- Added test 'lint_cmake' to check CMake code style
[0.995s] -- Added test 'uncrustify' to check C / C++ code style
[0.995s] -- Configured uncrustify additional arguments: 
[0.996s] -- Added test 'xmllint' to check XML markup files
[0.997s] -- Configuring done
[1.013s] -- Generating done
[1.015s] -- Build files have been written to: /ros2_robotic_arm/build/arduinobot_cpp_examples
[1.051s] [35m[1mConsolidate compiler generated dependencies of target simple_publisher[0m
[1.064s] [ 25%] [32mBuilding CXX object CMakeFiles/simple_subscriber.dir/src/simple_subscriber.cpp.o[0m
[1.079s] [ 75%] Built target simple_publisher
[12.820s] [100%] [32m[1mLinking CXX executable simple_subscriber[0m
[13.359s] [100%] Built target simple_subscriber
[13.372s] Invoked command in '/ros2_robotic_arm/build/arduinobot_cpp_examples' returned '0': CMAKE_PREFIX_PATH=${CMAKE_PREFIX_PATH}:/opt/ros/humble /usr/bin/cmake --build /ros2_robotic_arm/build/arduinobot_cpp_examples -- -j4 -l4
[13.420s] Invoking command in '/ros2_robotic_arm/build/arduinobot_cpp_examples': CMAKE_PREFIX_PATH=${CMAKE_PREFIX_PATH}:/opt/ros/humble /usr/bin/cmake --install /ros2_robotic_arm/build/arduinobot_cpp_examples
[13.430s] -- Install configuration: ""
[13.430s] -- Up-to-date: /ros2_robotic_arm/install/arduinobot_cpp_examples/lib/arduinobot_cpp_examples/simple_publisher
[13.430s] -- Installing: /ros2_robotic_arm/install/arduinobot_cpp_examples/lib/arduinobot_cpp_examples/simple_subscriber
[13.436s] -- Set runtime path of "/ros2_robotic_arm/install/arduinobot_cpp_examples/lib/arduinobot_cpp_examples/simple_subscriber" to ""
[13.436s] -- Up-to-date: /ros2_robotic_arm/install/arduinobot_cpp_examples/share/ament_index/resource_index/package_run_dependencies/arduinobot_cpp_examples
[13.436s] -- Up-to-date: /ros2_robotic_arm/install/arduinobot_cpp_examples/share/ament_index/resource_index/parent_prefix_path/arduinobot_cpp_examples
[13.436s] -- Up-to-date: /ros2_robotic_arm/install/arduinobot_cpp_examples/share/arduinobot_cpp_examples/environment/ament_prefix_path.sh
[13.436s] -- Installing: /ros2_robotic_arm/install/arduinobot_cpp_examples/share/arduinobot_cpp_examples/environment/ament_prefix_path.dsv
[13.437s] -- Up-to-date: /ros2_robotic_arm/install/arduinobot_cpp_examples/share/arduinobot_cpp_examples/environment/path.sh
[13.437s] -- Installing: /ros2_robotic_arm/install/arduinobot_cpp_examples/share/arduinobot_cpp_examples/environment/path.dsv
[13.437s] -- Up-to-date: /ros2_robotic_arm/install/arduinobot_cpp_examples/share/arduinobot_cpp_examples/local_setup.bash
[13.437s] -- Up-to-date: /ros2_robotic_arm/install/arduinobot_cpp_examples/share/arduinobot_cpp_examples/local_setup.sh
[13.437s] -- Up-to-date: /ros2_robotic_arm/install/arduinobot_cpp_examples/share/arduinobot_cpp_examples/local_setup.zsh
[13.437s] -- Installing: /ros2_robotic_arm/install/arduinobot_cpp_examples/share/arduinobot_cpp_examples/local_setup.dsv
[13.438s] -- Installing: /ros2_robotic_arm/install/arduinobot_cpp_examples/share/arduinobot_cpp_examples/package.dsv
[13.438s] -- Up-to-date: /ros2_robotic_arm/install/arduinobot_cpp_examples/share/ament_index/resource_index/packages/arduinobot_cpp_examples
[13.438s] -- Up-to-date: /ros2_robotic_arm/install/arduinobot_cpp_examples/share/arduinobot_cpp_examples/cmake/arduinobot_cpp_examplesConfig.cmake
[13.438s] -- Up-to-date: /ros2_robotic_arm/install/arduinobot_cpp_examples/share/arduinobot_cpp_examples/cmake/arduinobot_cpp_examplesConfig-version.cmake
[13.438s] -- Up-to-date: /ros2_robotic_arm/install/arduinobot_cpp_examples/share/arduinobot_cpp_examples/package.xml
[13.441s] Invoked command in '/ros2_robotic_arm/build/arduinobot_cpp_examples' returned '0': CMAKE_PREFIX_PATH=${CMAKE_PREFIX_PATH}:/opt/ros/humble /usr/bin/cmake --install /ros2_robotic_arm/build/arduinobot_cpp_examples
